Determining if the Q_WS_WIN exist failed with the following output:
Change Dir: /home/ruddy/Documents/workspace_c++/AnnotationImageLidar/build/CMakeFiles/CMakeTmp

Run Build Command:/usr/bin/make "cmTryCompileExec2578364460/fast"
/usr/bin/make -f CMakeFiles/cmTryCompileExec2578364460.dir/build.make CMakeFiles/cmTryCompileExec2578364460.dir/build
make[1]: Entering directory `/home/ruddy/Documents/workspace_c++/AnnotationImageLidar/build/CMakeFiles/CMakeTmp'
/usr/bin/cmake -E cmake_progress_report /home/ruddy/Documents/workspace_c++/AnnotationImageLidar/build/CMakeFiles/CMakeTmp/CMakeFiles 1
Building CXX object CMakeFiles/cmTryCompileExec2578364460.dir/CheckSymbolExists.cxx.o
/usr/bin/c++    -I/usr/include/qt4    -o CMakeFiles/cmTryCompileExec2578364460.dir/CheckSymbolExists.cxx.o -c /home/ruddy/Documents/workspace_c++/AnnotationImageLidar/build/CMakeFiles/CMakeTmp/CheckSymbolExists.cxx
/home/ruddy/Documents/workspace_c++/AnnotationImageLidar/build/CMakeFiles/CMakeTmp/CheckSymbolExists.cxx: In function ‘int main(int, char**)’:
/home/ruddy/Documents/workspace_c++/AnnotationImageLidar/build/CMakeFiles/CMakeTmp/CheckSymbolExists.cxx:8:19: error: ‘Q_WS_WIN’ was not declared in this scope
   return ((int*)(&Q_WS_WIN))[argc];
                   ^
make[1]: Leaving directory `/home/ruddy/Documents/workspace_c++/AnnotationImageLidar/build/CMakeFiles/CMakeTmp'
make[1]: *** [CMakeFiles/cmTryCompileExec2578364460.dir/CheckSymbolExists.cxx.o] Error 1
make: *** [cmTryCompileExec2578364460/fast] Error 2

File /home/ruddy/Documents/workspace_c++/AnnotationImageLidar/build/CMakeFiles/CMakeTmp/CheckSymbolExists.cxx:
/* */
#include <QtCore/qglobal.h>

int main(int argc, char** argv)
{
  (void)argv;
#ifndef Q_WS_WIN
  return ((int*)(&Q_WS_WIN))[argc];
#else
  (void)argc;
  return 0;
#endif
}

Determining if the Q_WS_QWS exist failed with the following output:
Change Dir: /home/ruddy/Documents/workspace_c++/AnnotationImageLidar/build/CMakeFiles/CMakeTmp

Run Build Command:/usr/bin/make "cmTryCompileExec2337452779/fast"
/usr/bin/make -f CMakeFiles/cmTryCompileExec2337452779.dir/build.make CMakeFiles/cmTryCompileExec2337452779.dir/build
make[1]: Entering directory `/home/ruddy/Documents/workspace_c++/AnnotationImageLidar/build/CMakeFiles/CMakeTmp'
/usr/bin/cmake -E cmake_progress_report /home/ruddy/Documents/workspace_c++/AnnotationImageLidar/build/CMakeFiles/CMakeTmp/CMakeFiles 1
Building CXX object CMakeFiles/cmTryCompileExec2337452779.dir/CheckSymbolExists.cxx.o
/usr/bin/c++    -I/usr/include/qt4    -o CMakeFiles/cmTryCompileExec2337452779.dir/CheckSymbolExists.cxx.o -c /home/ruddy/Documents/workspace_c++/AnnotationImageLidar/build/CMakeFiles/CMakeTmp/CheckSymbolExists.cxx
/home/ruddy/Documents/workspace_c++/AnnotationImageLidar/build/CMakeFiles/CMakeTmp/CheckSymbolExists.cxx: In function ‘int main(int, char**)’:
/home/ruddy/Documents/workspace_c++/AnnotationImageLidar/build/CMakeFiles/CMakeTmp/CheckSymbolExists.cxx:8:19: error: ‘Q_WS_QWS’ was not declared in this scope
   return ((int*)(&Q_WS_QWS))[argc];
                   ^
make[1]: Leaving directory `/home/ruddy/Documents/workspace_c++/AnnotationImageLidar/build/CMakeFiles/CMakeTmp'
make[1]: *** [CMakeFiles/cmTryCompileExec2337452779.dir/CheckSymbolExists.cxx.o] Error 1
make: *** [cmTryCompileExec2337452779/fast] Error 2

File /home/ruddy/Documents/workspace_c++/AnnotationImageLidar/build/CMakeFiles/CMakeTmp/CheckSymbolExists.cxx:
/* */
#include <QtCore/qglobal.h>

int main(int argc, char** argv)
{
  (void)argv;
#ifndef Q_WS_QWS
  return ((int*)(&Q_WS_QWS))[argc];
#else
  (void)argc;
  return 0;
#endif
}

Determining if the Q_WS_MAC exist failed with the following output:
Change Dir: /home/ruddy/Documents/workspace_c++/AnnotationImageLidar/build/CMakeFiles/CMakeTmp

Run Build Command:/usr/bin/make "cmTryCompileExec983752535/fast"
/usr/bin/make -f CMakeFiles/cmTryCompileExec983752535.dir/build.make CMakeFiles/cmTryCompileExec983752535.dir/build
make[1]: Entering directory `/home/ruddy/Documents/workspace_c++/AnnotationImageLidar/build/CMakeFiles/CMakeTmp'
/usr/bin/cmake -E cmake_progress_report /home/ruddy/Documents/workspace_c++/AnnotationImageLidar/build/CMakeFiles/CMakeTmp/CMakeFiles 1
Building CXX object CMakeFiles/cmTryCompileExec983752535.dir/CheckSymbolExists.cxx.o
/usr/bin/c++    -I/usr/include/qt4    -o CMakeFiles/cmTryCompileExec983752535.dir/CheckSymbolExists.cxx.o -c /home/ruddy/Documents/workspace_c++/AnnotationImageLidar/build/CMakeFiles/CMakeTmp/CheckSymbolExists.cxx
/home/ruddy/Documents/workspace_c++/AnnotationImageLidar/build/CMakeFiles/CMakeTmp/CheckSymbolExists.cxx: In function ‘int main(int, char**)’:
/home/ruddy/Documents/workspace_c++/AnnotationImageLidar/build/CMakeFiles/CMakeTmp/CheckSymbolExists.cxx:8:19: error: ‘Q_WS_MAC’ was not declared in this scope
   return ((int*)(&Q_WS_MAC))[argc];
                   ^
make[1]: Leaving directory `/home/ruddy/Documents/workspace_c++/AnnotationImageLidar/build/CMakeFiles/CMakeTmp'
make[1]: *** [CMakeFiles/cmTryCompileExec983752535.dir/CheckSymbolExists.cxx.o] Error 1
make: *** [cmTryCompileExec983752535/fast] Error 2

File /home/ruddy/Documents/workspace_c++/AnnotationImageLidar/build/CMakeFiles/CMakeTmp/CheckSymbolExists.cxx:
/* */
#include <QtCore/qglobal.h>

int main(int argc, char** argv)
{
  (void)argv;
#ifndef Q_WS_MAC
  return ((int*)(&Q_WS_MAC))[argc];
#else
  (void)argc;
  return 0;
#endif
}

